<?xml version="1.0" encoding="UTF-8"?>
<!-- Generated by org.testng.reporters.JUnitXMLReporter -->
<testsuite hostname="BDC8-DX-416P5XW" name="Default test" tests="3" failures="0" timestamp="8 Feb 2018 12:36:00 GMT" time="122.401" errors="0">
  <testcase name="RegisterAnApplication" time="5.721" classname="com.serviceNow.testcases.CMDBTest"/>
  <testcase name="login" time="43.508" classname="com.serviceNow.testcases.CMDBTest"/>
  <testcase name="verifyticketspage" time="71.568" classname="com.serviceNow.testcases.CMDBTest"/>
</testsuite> <!-- Default test -->
