<?xml version="1.0" encoding="UTF-8"?>
<!-- Generated by org.testng.reporters.JUnitXMLReporter -->
<testsuite hostname="BDC8-DX-416P5XW" name="ApplicationDetailsViewPage" tests="2" failures="0" timestamp="8 Feb 2018 14:04:59 GMT" time="65.512" errors="0">
  <testcase name="login" time="49.274" classname="com.serviceNow.testcases.CMDBTest"/>
  <testcase name="ApplicationDetailViewPage" time="13.059" classname="com.serviceNow.testcases.CMDBTest"/>
</testsuite> <!-- ApplicationDetailsViewPage -->
