<?xml version="1.0" encoding="UTF-8"?>
<!-- Generated by org.testng.reporters.JUnitXMLReporter -->
<testsuite hostname="BDC8-DX-416P5XW" name="ApprovingApplicationByApprover1" tests="2" failures="0" timestamp="9 Feb 2018 13:35:08 GMT" time="54.419" errors="0">
  <testcase name="Approver1login" time="35.073" classname="com.serviceNow.testcases.CMDBTest"/>
  <testcase name="ApproveApplication" time="17.472" classname="com.serviceNow.testcases.CMDBTest"/>
</testsuite> <!-- ApprovingApplicationByApprover1 -->
