<?xml version="1.0" encoding="UTF-8"?>
<!-- Generated by org.testng.reporters.JUnitXMLReporter -->
<testsuite hostname="BDC8-DX-416P5XW" name="ProgramManagerApprover" tests="2" failures="0" timestamp="12 Feb 2018 08:59:55 GMT" time="58.303" errors="0">
  <testcase name="ProgramManagerApproverlogin" time="37.96" classname="com.serviceNow.testcases.CMDBTest"/>
  <testcase name="ApproveApplication" time="17.777" classname="com.serviceNow.testcases.CMDBTest"/>
</testsuite> <!-- ProgramManagerApprover -->
