<?xml version="1.0" encoding="UTF-8"?>
<!-- Generated by org.testng.reporters.JUnitXMLReporter -->
<testsuite hostname="BDC8-DX-416P5XW" name="Register An Application" tests="6" failures="0" timestamp="28 Feb 2018 14:38:57 GMT" time="954.596" errors="0">
  <testcase name="login" time="69.159" classname="com.serviceNow.testcases.CMDBTest"/>
  <testcase name="RegisterAnApplication" time="88.786" classname="com.serviceNow.testcases.CMDBTest"/>
  <testcase name="ProgramManagerApproverlogin" time="259.121" classname="com.serviceNow.testcases.CMDBTest"/>
  <testcase name="ProgramMDApproverlogin" time="203.995" classname="com.serviceNow.testcases.CMDBTest"/>
  <testcase name="Register" time="218.344" classname="com.serviceNow.testcases.CMDBTest"/>
  <testcase name="ApplicationDetailViewPage" time="111.772" classname="com.serviceNow.testcases.CMDBTest"/>
</testsuite> <!-- Register An Application -->
