<?xml version="1.0" encoding="UTF-8"?>
<!-- Generated by org.testng.reporters.JUnitXMLReporter -->
<testsuite hostname="BDC8-DX-416P5XW" name="SearchApplicationRepository" tests="2" failures="0" timestamp="5 Apr 2018 08:33:55 GMT" time="222.801" errors="0">
  <testcase name="login" time="54.759" classname="com.serviceNow.testcases.CMDBTest"/>
  <testcase name="SearchApplicationRepository" time="164.431" classname="com.serviceNow.testcases.CMDBTest"/>
</testsuite> <!-- SearchApplicationRepository -->
